<?xml version="1.0" encoding="utf-8"?><testsuites><testsuite name="pytest" errors="0" failures="0" skipped="0" tests="4" time="1.082" timestamp="2022-12-15T02:19:41.585557" hostname="DESKTOP-9G6E7ON"><testcase classname="tests.test_mvpy_rest_server" name="test_nuc_rest_runner_init" time="0.045" /><testcase classname="tests.test_mvpy_rest_server" name="test_nuc_rest_runner_set_filter_param" time="0.103" /><testcase classname="tests.test_mvpy_rest_server" name="test_nuc_rest_runner_set_params" time="0.140" /><testcase classname="tests.test_mvpy_rest_server" name="test_nuc_rest_runner_set_play_mode" time="0.076" /></testsuite></testsuites>